-------------------------------------------------------------------------------
Test set: examples.ExamplesTest
-------------------------------------------------------------------------------
Tests run: 1, Failures: 1, Errors: 0, Skipped: 0, Time elapsed: 3.879 s <<< FAILURE! - in examples.ExamplesTest
testAll  Time elapsed: 3.87 s  <<< FAILURE!
org.opentest4j.AssertionFailedError: no features or scenarios found: [classpath:examples]

