<?xml version="1.0" encoding="UTF-8"?>
<testsuite xmlns:xsi="http://www.w3.org/2001/XMLSchema-instance" xsi:noNamespaceSchemaLocation="https://maven.apache.org/surefire/maven-surefire-plugin/xsd/surefire-test-report.xsd" name="examples.ExamplesTest" time="3.879" tests="1" errors="0" skipped="0" failures="1">
  <properties>
[...]
</properties>
  <testcase name="testAll" classname="examples.ExamplesTest" time="3.87">
    <failure message="no features or scenarios found: [classpath:examples]" type="org.opentest4j.AssertionFailedError">org.opentest4j.AssertionFailedError: no features or scenarios found: [classpath:examples]
</failure>
    <system-err><![CDATA[Warning: Nashorn engine is planned to be removed from a future JDK release
]]></system-err>
  </testcase>
</testsuite>